Start testing: Jan 25 12:53 EST
----------------------------------------------------------
Unable to find executable: COMMAND
1/3 Testing: ZeroInput
1/3 Test: ZeroInput
Command: "" "mergesort_test"
Directory: /home/elisa/MergeSort/build
"ZeroInput" start time: 
Output:
----------------------------------------------------------
<end of output>
Test time =   0.00 sec
----------------------------------------------------------
Test Passed.
"ZeroInput" end time: Jan 25 12:53 EST
"ZeroInput" time elapsed: 00:00:00
----------------------------------------------------------

Unable to find executable: COMMAND
2/3 Testing: BackwardsInput
2/3 Test: BackwardsInput
Command: "" "mergesort_test"
Directory: /home/elisa/MergeSort/build
"BackwardsInput" start time: 
Output:
----------------------------------------------------------
<end of output>
Test time =   0.00 sec
----------------------------------------------------------
Test Passed.
"BackwardsInput" end time: Jan 25 12:53 EST
"BackwardsInput" time elapsed: 00:00:00
----------------------------------------------------------

Unable to find executable: COMMAND
3/3 Testing: SameInput
3/3 Test: SameInput
Command: "" "mergesort_test"
Directory: /home/elisa/MergeSort/build
"SameInput" start time: 
Output:
----------------------------------------------------------
<end of output>
Test time =   0.00 sec
----------------------------------------------------------
Test Passed.
"SameInput" end time: Jan 25 12:53 EST
"SameInput" time elapsed: 00:00:00
----------------------------------------------------------

End testing: Jan 25 12:53 EST
